Build started 08.04.2013 19:52:00.
     1>Project "C:\Users\Свет\Documents\Visual Studio 2010\Projects\NewTrainingFramework\NewTrainingFramework\NewTrainingFramework.vcxproj" on node 3 (build target(s)).
     1>InitializeBuildStatus:
         Creating "Debug\NewTrainingFramework.unsuccessfulbuild" because "AlwaysCreate" was specified.
       ClCompile:
         All outputs are up-to-date.
         C:\Program Files (x86)\Microsoft Visual Studio 10.0\VC\bin\CL.exe /c /I"C:\Users\Свет\Documents\Visual Studio 2010\Projects\NewTrainingFramework\\Include" /ZI /nologo /W3 /WX- /Od /Oy- /D WIN32 /D _DEBUG /D _CONSOLE /D _MBCS /Gm /EHsc /RTC1 /MDd /GS /fp:precise /Zc:wchar_t /Zc:forScope /Yu"StdAfx.h" /Fp"Debug\NewTrainingFramework.pch" /Fo"Debug\\" /Fd"Debug\vc100.pdb" /Gd /TP /analyze- /errorReport:prompt NewTrainingFramework.cpp
         NewTrainingFramework.cpp
     1>c:\users\свет\documents\visual studio 2010\projects\newtrainingframework\newtrainingframework\newtrainingframework.cpp(93): warning C4305: 'argument' : truncation from 'double' to 'GLfloat'
     1>c:\users\свет\documents\visual studio 2010\projects\newtrainingframework\newtrainingframework\newtrainingframework.cpp(102): warning C4305: 'argument' : truncation from 'double' to 'GLfloat'
       ManifestResourceCompile:
         All outputs are up-to-date.
       Link:
         C:\Program Files (x86)\Microsoft Visual Studio 10.0\VC\bin\link.exe /ERRORREPORT:PROMPT /OUT:"C:\Users\Свет\Documents\Visual Studio 2010\Projects\NewTrainingFramework\\BIN\NewTrainingFramework.exe" /INCREMENTAL /NOLOGO /LIBPATH:"C:\Users\Свет\Documents\Visual Studio 2010\Projects\NewTrainingFramework\\Lib" libEGL.lib libGLESv2.lib kernel32.lib user32.lib gdi32.lib winspool.lib comdlg32.lib advapi32.lib shell32.lib ole32.lib oleaut32.lib uuid.lib odbc32.lib odbccp32.lib /MANIFEST /ManifestFile:"Debug\NewTrainingFramework.exe.intermediate.manifest" /MANIFESTUAC:"level='asInvoker' uiAccess='false'" /DEBUG /PDB:"C:\Users\Свет\Documents\Visual Studio 2010\Projects\NewTrainingFramework\BIN\NewTrainingFramework.pdb" /SUBSYSTEM:CONSOLE /TLBID:1 /DYNAMICBASE /NXCOMPAT /IMPLIB:"C:\Users\Свет\Documents\Visual Studio 2010\Projects\NewTrainingFramework\\BIN\NewTrainingFramework.lib" /MACHINE:X86 Debug\NewTrainingFramework.exe.embed.manifest.res
         Debug\NewTrainingFramework.obj
         Debug\Shaders.obj
         Debug\stdafx.obj
         "C:\Users\Свет\Documents\Visual Studio 2010\Projects\NewTrainingFramework\Debug\Utilities.lib"
       Manifest:
         C:\Program Files (x86)\Microsoft SDKs\Windows\v7.0A\bin\mt.exe /nologo /verbose /out:"Debug\NewTrainingFramework.exe.embed.manifest" /manifest Debug\NewTrainingFramework.exe.intermediate.manifest
         All outputs are up-to-date.
       LinkEmbedManifest:
         All outputs are up-to-date.
         NewTrainingFramework.vcxproj -> C:\Users\Свет\Documents\Visual Studio 2010\Projects\NewTrainingFramework\\BIN\NewTrainingFramework.exe
       FinalizeBuildStatus:
         Deleting file "Debug\NewTrainingFramework.unsuccessfulbuild".
         Touching "Debug\NewTrainingFramework.lastbuildstate".
     1>Done Building Project "C:\Users\Свет\Documents\Visual Studio 2010\Projects\NewTrainingFramework\NewTrainingFramework\NewTrainingFramework.vcxproj" (build target(s)).

Build succeeded.

Time Elapsed 00:00:02.99
