Build started 07.04.2013 1:00:15.
     1>Project "C:\Users\Свет\Documents\Visual Studio 2010\Projects\NewTrainingFramework\Utilities\Utilities.vcxproj" on node 2 (build target(s)).
     1>InitializeBuildStatus:
         Creating "Debug\Utilities.unsuccessfulbuild" because "AlwaysCreate" was specified.
       ClCompile:
         C:\Program Files (x86)\Microsoft Visual Studio 10.0\VC\bin\CL.exe /c /I"C:\Users\Свет\Documents\Visual Studio 2010\Projects\NewTrainingFramework\\Include" /ZI /nologo /W3 /WX- /Od /Oy- /D WIN32 /D _DEBUG /D _LIB /D _MBCS /Gm /EHsc /RTC1 /MDd /GS /fp:precise /Zc:wchar_t /Zc:forScope /Yc"StdAfx.h" /Fp"Debug\Utilities.pch" /Fo"Debug\\" /Fd"Debug\vc100.pdb" /Gd /TP /analyze- /errorReport:prompt stdafx.cpp
         stdafx.cpp
         C:\Program Files (x86)\Microsoft Visual Studio 10.0\VC\bin\CL.exe /c /I"C:\Users\Свет\Documents\Visual Studio 2010\Projects\NewTrainingFramework\\Include" /ZI /nologo /W3 /WX- /Od /Oy- /D WIN32 /D _DEBUG /D _LIB /D _MBCS /Gm /EHsc /RTC1 /MDd /GS /fp:precise /Zc:wchar_t /Zc:forScope /Yu"StdAfx.h" /Fp"Debug\Utilities.pch" /Fo"Debug\\" /Fd"Debug\vc100.pdb" /Gd /TP /analyze- /errorReport:prompt esShader.cpp esUtil.cpp esUtil_win.cpp Math.cpp MemoryManager.cpp MemoryOperators.cpp TGA.cpp
         TGA.cpp
         MemoryOperators.cpp
         MemoryManager.cpp
         Math.cpp
         esUtil_win.cpp
         esUtil.cpp
         esShader.cpp
         Generating Code...
       Lib:
         C:\Program Files (x86)\Microsoft Visual Studio 10.0\VC\bin\Lib.exe /OUT:"C:\Users\Свет\Documents\Visual Studio 2010\Projects\NewTrainingFramework\Debug\Utilities.lib" /NOLOGO Debug\esShader.obj
         Debug\esUtil.obj
         Debug\esUtil_win.obj
         Debug\Math.obj
         Debug\MemoryManager.obj
         Debug\MemoryOperators.obj
         Debug\stdafx.obj
         Debug\TGA.obj
         Utilities.vcxproj -> C:\Users\Свет\Documents\Visual Studio 2010\Projects\NewTrainingFramework\Debug\Utilities.lib
       FinalizeBuildStatus:
         Deleting file "Debug\Utilities.unsuccessfulbuild".
         Touching "Debug\Utilities.lastbuildstate".
     1>Done Building Project "C:\Users\Свет\Documents\Visual Studio 2010\Projects\NewTrainingFramework\Utilities\Utilities.vcxproj" (build target(s)).

Build succeeded.

Time Elapsed 00:00:04.10
